mode: atomic
github.com/codefresh-io/pikolo/pkg/renderer/renderer.go:34.33,39.2 1 2
github.com/codefresh-io/pikolo/pkg/renderer/renderer.go:41.52,46.43 4 2
github.com/codefresh-io/pikolo/pkg/renderer/renderer.go:53.2,53.43 1 2
github.com/codefresh-io/pikolo/pkg/renderer/renderer.go:68.2,72.16 5 2
github.com/codefresh-io/pikolo/pkg/renderer/renderer.go:75.2,75.17 1 2
github.com/codefresh-io/pikolo/pkg/renderer/renderer.go:46.43,48.17 2 1
github.com/codefresh-io/pikolo/pkg/renderer/renderer.go:51.3,51.41 1 1
github.com/codefresh-io/pikolo/pkg/renderer/renderer.go:48.17,50.4 1 0
github.com/codefresh-io/pikolo/pkg/renderer/renderer.go:53.43,56.17 3 1
github.com/codefresh-io/pikolo/pkg/renderer/renderer.go:59.3,61.17 3 1
github.com/codefresh-io/pikolo/pkg/renderer/renderer.go:64.3,64.20 1 1
github.com/codefresh-io/pikolo/pkg/renderer/renderer.go:56.17,58.4 1 0
github.com/codefresh-io/pikolo/pkg/renderer/renderer.go:61.17,63.4 1 0
github.com/codefresh-io/pikolo/pkg/renderer/renderer.go:72.16,74.3 1 0
